# JRE version: Java(TM) SE Runtime Environment (8.0_201-b09) (build 1.8.0_201-b09)
# Java VM: Java HotSpot(TM) 64-Bit Server VM (25.201-b09 mixed mode windows-amd64 compressed oops)
Heap:
 PSYoungGen      total 360960K, used 98175K [0x000000076b580000, 0x0000000789c00000, 0x00000007c0000000)
  eden space 334336K, 29% used [0x000000076b580000,0x000000077155fc28,0x000000077fc00000)
  from space 26624K, 0% used [0x000000077fc00000,0x000000077fc00000,0x0000000781600000)
  to   space 26624K, 0% used [0x0000000788200000,0x0000000788200000,0x0000000789c00000)
 ParOldGen       total 223232K, used 37399K [0x00000006c2000000, 0x00000006cfa00000, 0x000000076b580000)
  object space 223232K, 16% used [0x00000006c2000000,0x00000006c4485ca8,0x00000006cfa00000)
 Metaspace       used 51579K, capacity 53352K, committed 59008K, reserved 1099776K
  class space    used 8089K, capacity 8579K, committed 9344K, reserved 1048576K
GC Heap History (10 events):
Event: 8.727 GC heap before
{Heap before GC invocations=8 (full 1):
 PSYoungGen      total 219136K, used 36865K [0x000000076b580000, 0x000000077d380000, 0x00000007c0000000)
  eden space 202752K, 10% used [0x000000076b580000,0x000000076c9810b8,0x0000000777b80000)
  from space 16384K, 99% used [0x000000077c380000,0x000000077d37f710,0x000000077d380000)
  to   space 22016K, 0% used [0x000000077a880000,0x000000077a880000,0x000000077be00000)
 ParOldGen       total 114176K, used 24576K [0x00000006c2000000, 0x00000006c8f80000, 0x000000076b580000)
  object space 114176K, 21% used [0x00000006c2000000,0x00000006c3800120,0x00000006c8f80000)
 Metaspace       used 33458K, capacity 35394K, committed 35416K, reserved 1079296K
  class space    used 4394K, capacity 4864K, committed 4864K, reserved 1048576K
Event: 8.742 GC heap after
Heap after GC invocations=8 (full 1):
 PSYoungGen      total 270848K, used 18689K [0x000000076b580000, 0x0000000782c80000, 0x00000007c0000000)
  eden space 248832K, 0% used [0x000000076b580000,0x000000076b580000,0x000000077a880000)
  from space 22016K, 84% used [0x000000077a880000,0x000000077bac0578,0x000000077be00000)
  to   space 23040K, 0% used [0x0000000781600000,0x0000000781600000,0x0000000782c80000)
 ParOldGen       total 114176K, used 24584K [0x00000006c2000000, 0x00000006c8f80000, 0x000000076b580000)
  object space 114176K, 21% used [0x00000006c2000000,0x00000006c3802120,0x00000006c8f80000)
 Metaspace       used 33458K, capacity 35394K, committed 35416K, reserved 1079296K
  class space    used 4394K, capacity 4864K, committed 4864K, reserved 1048576K
}
Event: 8.742 GC heap before
{Heap before GC invocations=9 (full 2):
 PSYoungGen      total 270848K, used 18689K [0x000000076b580000, 0x0000000782c80000, 0x00000007c0000000)
  eden space 248832K, 0% used [0x000000076b580000,0x000000076b580000,0x000000077a880000)
  from space 22016K, 84% used [0x000000077a880000,0x000000077bac0578,0x000000077be00000)
  to   space 23040K, 0% used [0x0000000781600000,0x0000000781600000,0x0000000782c80000)
 ParOldGen       total 114176K, used 24584K [0x00000006c2000000, 0x00000006c8f80000, 0x000000076b580000)
  object space 114176K, 21% used [0x00000006c2000000,0x00000006c3802120,0x00000006c8f80000)
 Metaspace       used 33458K, capacity 35394K, committed 35416K, reserved 1079296K
  class space    used 4394K, capacity 4864K, committed 4864K, reserved 1048576K
Event: 8.830 GC heap after
Heap after GC invocations=9 (full 2):
 PSYoungGen      total 270848K, used 0K [0x000000076b580000, 0x0000000782c80000, 0x00000007c0000000)
  eden space 248832K, 0% used [0x000000076b580000,0x000000076b580000,0x000000077a880000)
  from space 22016K, 0% used [0x000000077a880000,0x000000077a880000,0x000000077be00000)
  to   space 23040K, 0% used [0x0000000781600000,0x0000000781600000,0x0000000782c80000)
 ParOldGen       total 180736K, used 36007K [0x00000006c2000000, 0x00000006cd080000, 0x000000076b580000)
  object space 180736K, 19% used [0x00000006c2000000,0x00000006c4329c90,0x00000006cd080000)
 Metaspace       used 33458K, capacity 35394K, committed 35416K, reserved 1079296K
  class space    used 4394K, capacity 4864K, committed 4864K, reserved 1048576K
}
Event: 15.357 GC heap before
{Heap before GC invocations=10 (full 2):
 PSYoungGen      total 270848K, used 248832K [0x000000076b580000, 0x0000000782c80000, 0x00000007c0000000)
  eden space 248832K, 100% used [0x000000076b580000,0x000000077a880000,0x000000077a880000)
  from space 22016K, 0% used [0x000000077a880000,0x000000077a880000,0x000000077be00000)
  to   space 23040K, 0% used [0x0000000781600000,0x0000000781600000,0x0000000782c80000)
 ParOldGen       total 180736K, used 36007K [0x00000006c2000000, 0x00000006cd080000, 0x000000076b580000)
  object space 180736K, 19% used [0x00000006c2000000,0x00000006c4329c90,0x00000006cd080000)
 Metaspace       used 54005K, capacity 57612K, committed 57728K, reserved 1097728K
  class space    used 8012K, capacity 8826K, committed 8832K, reserved 1048576K
Event: 15.384 GC heap after
Heap after GC invocations=10 (full 2):
 PSYoungGen      total 357376K, used 23013K [0x000000076b580000, 0x0000000784980000, 0x00000007c0000000)
  eden space 334336K, 0% used [0x000000076b580000,0x000000076b580000,0x000000077fc00000)
  from space 23040K, 99% used [0x0000000781600000,0x0000000782c79788,0x0000000782c80000)
  to   space 26624K, 0% used [0x000000077fc00000,0x000000077fc00000,0x0000000781600000)
 ParOldGen       total 180736K, used 37349K [0x00000006c2000000, 0x00000006cd080000, 0x000000076b580000)
  object space 180736K, 20% used [0x00000006c2000000,0x00000006c44797a8,0x00000006cd080000)
 Metaspace       used 54005K, capacity 57612K, committed 57728K, reserved 1097728K
  class space    used 8012K, capacity 8826K, committed 8832K, reserved 1048576K
}
Event: 15.536 GC heap before
{Heap before GC invocations=11 (full 2):
 PSYoungGen      total 357376K, used 43124K [0x000000076b580000, 0x0000000784980000, 0x00000007c0000000)
  eden space 334336K, 6% used [0x000000076b580000,0x000000076c923c60,0x000000077fc00000)
  from space 23040K, 99% used [0x0000000781600000,0x0000000782c79788,0x0000000782c80000)
  to   space 26624K, 0% used [0x000000077fc00000,0x000000077fc00000,0x0000000781600000)
 ParOldGen       total 180736K, used 37349K [0x00000006c2000000, 0x00000006cd080000, 0x000000076b580000)
  object space 180736K, 20% used [0x00000006c2000000,0x00000006c44797a8,0x00000006cd080000)
 Metaspace       used 55310K, capacity 58892K, committed 59008K, reserved 1099776K
  class space    used 8460K, capacity 9274K, committed 9344K, reserved 1048576K
Event: 15.545 GC heap after
Heap after GC invocations=11 (full 2):
 PSYoungGen      total 360960K, used 9641K [0x000000076b580000, 0x0000000789c00000, 0x00000007c0000000)
  eden space 334336K, 0% used [0x000000076b580000,0x000000076b580000,0x000000077fc00000)
  from space 26624K, 36% used [0x000000077fc00000,0x000000078056a6b8,0x0000000781600000)
  to   space 26624K, 0% used [0x0000000788200000,0x0000000788200000,0x0000000789c00000)
 ParOldGen       total 180736K, used 37357K [0x00000006c2000000, 0x00000006cd080000, 0x000000076b580000)
  object space 180736K, 20% used [0x00000006c2000000,0x00000006c447b7a8,0x00000006cd080000)
 Metaspace       used 55310K, capacity 58892K, committed 59008K, reserved 1099776K
  class space    used 8460K, capacity 9274K, committed 9344K, reserved 1048576K
}
Event: 15.545 GC heap before
{Heap before GC invocations=12 (full 3):
 PSYoungGen      total 360960K, used 9641K [0x000000076b580000, 0x0000000789c00000, 0x00000007c0000000)
  eden space 334336K, 0% used [0x000000076b580000,0x000000076b580000,0x000000077fc00000)
  from space 26624K, 36% used [0x000000077fc00000,0x000000078056a6b8,0x0000000781600000)
  to   space 26624K, 0% used [0x0000000788200000,0x0000000788200000,0x0000000789c00000)
 ParOldGen       total 180736K, used 37357K [0x00000006c2000000, 0x00000006cd080000, 0x000000076b580000)
  object space 180736K, 20% used [0x00000006c2000000,0x00000006c447b7a8,0x00000006cd080000)
 Metaspace       used 55310K, capacity 58892K, committed 59008K, reserved 1099776K
  class space    used 8460K, capacity 9274K, committed 9344K, reserved 1048576K
Event: 15.823 GC heap after
Heap after GC invocations=12 (full 3):
 PSYoungGen      total 360960K, used 0K [0x000000076b580000, 0x0000000789c00000, 0x00000007c0000000)
  eden space 334336K, 0% used [0x000000076b580000,0x000000076b580000,0x000000077fc00000)
  from space 26624K, 0% used [0x000000077fc00000,0x000000077fc00000,0x0000000781600000)
  to   space 26624K, 0% used [0x0000000788200000,0x0000000788200000,0x0000000789c00000)
 ParOldGen       total 223232K, used 37399K [0x00000006c2000000, 0x00000006cfa00000, 0x000000076b580000)
  object space 223232K, 16% used [0x00000006c2000000,0x00000006c4485ca8,0x00000006cfa00000)
 Metaspace       used 44655K, capacity 46332K, committed 59008K, reserved 1099776K
  class space    used 6720K, capacity 7201K, committed 9344K, reserved 1048576K
}

